app/build/intermediates/manifest_merge_blame_file/debug/manifest-merger-blame-debug-report.txt
1<?xml version="1.0" encoding="utf-8"?>
2<manifest xmlns:android="http://schemas.android.com/apk/res/android"
3    package="com.kili.filepick"
4    android:versionCode="1"
5    android:versionName="1.0" >
6
7    <uses-sdk
8        android:minSdkVersion="23"
8-->src/main/AndroidManifest.xml
9        android:targetSdkVersion="31" />
9-->src/main/AndroidManifest.xml
10
11    <uses-permission android:name="android.permission.CAMERA" />
11-->[:filepicker] AndroidManifest.xml:10:5-65
11-->[:filepicker] AndroidManifest.xml:10:22-62
12    <uses-permission android:name="android.permission.MANAGE_EXTERNAL_STORAGE" />
12-->[:filepicker] AndroidManifest.xml:11:5-13:40
12-->[:filepicker] AndroidManifest.xml:12:9-66
13    <uses-permission android:name="android.permission.WRITE_EXTERNAL_STORAGE" />
13-->[:filepicker] AndroidManifest.xml:14:5-81
13-->[:filepicker] AndroidManifest.xml:14:22-78
14    <uses-permission android:name="android.permission.READ_EXTERNAL_STORAGE" />
14-->[:filepicker] AndroidManifest.xml:15:5-80
14-->[:filepicker] AndroidManifest.xml:15:22-77
15
16    <queries>
16-->[:filepicker] AndroidManifest.xml:17:5-23:15
17        <package android:name="com.kili.filepicker" />
17-->[:filepicker] AndroidManifest.xml:18:9-55
17-->[:filepicker] AndroidManifest.xml:18:18-52
18
19        <intent>
19-->[:filepicker] AndroidManifest.xml:20:9-22:18
20            <action android:name="android.media.action.IMAGE_CAPTURE" />
20-->[:filepicker] AndroidManifest.xml:21:13-73
20-->[:filepicker] AndroidManifest.xml:21:21-70
21        </intent>
22    </queries>
23
24    <application
24-->src/main/AndroidManifest.xml:6:5-22:19
25        android:allowBackup="false"
25-->src/main/AndroidManifest.xml:7:9-36
26        android:appComponentFactory="androidx.core.app.CoreComponentFactory"
26-->[androidx.core:core:1.7.0] AndroidManifest.xml:24:18-86
27        android:debuggable="true"
28        android:extractNativeLibs="false"
29        android:icon="@mipmap/ic_launcher"
29-->src/main/AndroidManifest.xml:8:9-43
30        android:label="@string/app_name"
30-->src/main/AndroidManifest.xml:9:9-41
31        android:requestLegacyExternalStorage="true"
31-->[:filepicker] AndroidManifest.xml:25:18-61
32        android:roundIcon="@mipmap/ic_launcher_round"
32-->src/main/AndroidManifest.xml:10:9-54
33        android:supportsRtl="true"
33-->src/main/AndroidManifest.xml:11:9-35
34        android:testOnly="true"
35        android:theme="@style/Theme.FilePicker" >
35-->src/main/AndroidManifest.xml:12:9-48
36        <activity
36-->src/main/AndroidManifest.xml:13:9-21:20
37            android:name="com.kili.filepick.MainActivity"
37-->src/main/AndroidManifest.xml:14:13-58
38            android:exported="true" >
38-->src/main/AndroidManifest.xml:15:13-36
39            <intent-filter>
39-->src/main/AndroidManifest.xml:16:13-20:29
40                <action android:name="android.intent.action.MAIN" />
40-->src/main/AndroidManifest.xml:17:17-69
40-->src/main/AndroidManifest.xml:17:25-66
41
42                <category android:name="android.intent.category.LAUNCHER" />
42-->src/main/AndroidManifest.xml:19:17-77
42-->src/main/AndroidManifest.xml:19:27-74
43            </intent-filter>
44        </activity>
45        <activity android:name="com.kili.filepicker.picker.FilePicker" />
45-->[:filepicker] AndroidManifest.xml:26:9-74
45-->[:filepicker] AndroidManifest.xml:26:19-71
46
47        <provider
47-->[:filepicker] AndroidManifest.xml:28:9-36:20
48            android:name="androidx.core.content.FileProvider"
48-->[:filepicker] AndroidManifest.xml:29:13-62
49            android:authorities="com.kili.filepick.provider"
49-->[:filepicker] AndroidManifest.xml:30:13-60
50            android:exported="false"
50-->[:filepicker] AndroidManifest.xml:31:13-37
51            android:grantUriPermissions="true" >
51-->[:filepicker] AndroidManifest.xml:32:13-47
52            <meta-data
52-->[:filepicker] AndroidManifest.xml:33:13-35:54
53                android:name="android.support.FILE_PROVIDER_PATHS"
53-->[:filepicker] AndroidManifest.xml:34:17-67
54                android:resource="@xml/file_paths" />
54-->[:filepicker] AndroidManifest.xml:35:17-51
55        </provider>
56        <provider
56-->[androidx.emoji2:emoji2:1.0.0] AndroidManifest.xml:26:9-34:20
57            android:name="androidx.startup.InitializationProvider"
57-->[androidx.emoji2:emoji2:1.0.0] AndroidManifest.xml:27:13-67
58            android:authorities="com.kili.filepick.androidx-startup"
58-->[androidx.emoji2:emoji2:1.0.0] AndroidManifest.xml:28:13-68
59            android:exported="false" >
59-->[androidx.emoji2:emoji2:1.0.0] AndroidManifest.xml:29:13-37
60            <meta-data
60-->[androidx.emoji2:emoji2:1.0.0] AndroidManifest.xml:31:13-33:52
61                android:name="androidx.emoji2.text.EmojiCompatInitializer"
61-->[androidx.emoji2:emoji2:1.0.0] AndroidManifest.xml:32:17-75
62                android:value="androidx.startup" />
62-->[androidx.emoji2:emoji2:1.0.0] AndroidManifest.xml:33:17-49
63            <meta-data
63-->[androidx.lifecycle:lifecycle-process:2.4.0] AndroidManifest.xml:31:13-33:52
64                android:name="androidx.lifecycle.ProcessLifecycleInitializer"
64-->[androidx.lifecycle:lifecycle-process:2.4.0] AndroidManifest.xml:32:17-78
65                android:value="androidx.startup" />
65-->[androidx.lifecycle:lifecycle-process:2.4.0] AndroidManifest.xml:33:17-49
66        </provider>
67    </application>
68
69</manifest>